================================================================================
Appcelerator Titanium Diagnostics Build Log
The contents of this file are useful to send to Appcelerator Support if
reporting an issue to help us understand your environment, build settings
and aid in debugging. Please attach this log to any issue that you report.
================================================================================

Starting build at 11/16/11 17:58

Build details:

   timestamp=10/13/11 09:42
   version=1.7.3
   githash=cfb6c67...


Script arguments:
   /Library/Application Support/Titanium/mobilesdk/osx/1.7.3.v20111013094213/iphone/builder.py
   simulator
   4.2
   /Users/seonte/BugoWorkspace/Invasion
   edu.bradley.invasion
   Invasion
   universal
   iphone
   

Building from: /Library/Application Support/Titanium/mobilesdk/osx/1.7.3.v20111013094213/iphone
Platform: Darwin Kernel Version 10.8.0: Tue Jun  7 16:33:36 PDT 2011; root:xnu-1504.15.3~1/RELEASE_I386

Xcode path is: /Developer


githash=cfb6c67..., existing_git_hash=cfb6c67...
writing contents of /Users/seonte/BugoWorkspace/Invasion/build/iphone/project.xcconfig:

TI_VERSION=1.7.3.v20111013094213
TI_SDK_DIR=/Library/Application Support/Titanium/mobilesdk/osx/$(TI_VERSION)/iphone
TI_APPID=edu.bradley.invasion
OTHER_LDFLAGS[sdk=iphoneos*]=$(inherited) -weak_framework iAd
OTHER_LDFLAGS[sdk=iphonesimulator*]=$(inherited) -weak_framework iAd
#include "module"

old contents


Generated the following stylecode code:

<?xml version="1.0" encoding="UTF-8"?>
<!DOCTYPE plist PUBLIC "-//Apple//DTD PLIST 1.0//EN" "http://www.apple.com/DTDs/PropertyList-1.0.dtd">
<plist version="1.0">
	<dict>
		<key>classes</key>
		<dict>
</dict>

		<key>classes_density</key>
		<dict>
</dict>

		<key>ids</key>
		<dict>
</dict>

		<key>ids_density</key>
		<dict>
</dict>

		<key>tags</key>
		<dict>
</dict>

		<key>tags_density</key>
		<dict>
</dict>

	</dict>
</plist>
Finishing build
