Logfile initialized
[INFO] logfile = /Users/seonte/InvasionGit/git@git.assembla.com:im443_53_63_cis_453/build.log
[DEBUG] /Library/Application Support/Titanium/mobilesdk/osx/1.7.3/android/builder.py simulator Invasion /Users/seonte/Downloads/android-sdk-mac_x86 /Users/seonte/InvasionGit/git@git.assembla.com:im443_53_63_cis_453 edu.bradley.im.invasion 5 HVGA 
[INFO] Building Invasion for Android ... one moment
[INFO] Titanium SDK version: 1.7.3 (10/17/11 13:44 dcf4257)
[DEBUG] Waiting for device to be ready ...
[TRACE] adb devices returned 2 devices/emulators
[DEBUG] Device connected... (waited 0 seconds)
[DEBUG] waited 0.028103 seconds on emulator to get ready
[DEBUG] edu.bradley.im.invasion installed? False
[INFO] Fastdev server running, deploying in Fastdev mode
[INFO] Copying project resources..
[TRACE] Generating Java Classes
[DEBUG] Processing Android resource drawables
[DEBUG] copying app icon: /Users/seonte/InvasionGit/git@git.assembla.com:im443_53_63_cis_453/build/android/bin/assets/Resources/appicon.png
[DEBUG] generating theme.xml
[DEBUG] found drawable-long-land-hdpi splash screen at /Users/seonte/InvasionGit/git@git.assembla.com:im443_53_63_cis_453/Resources/android/images/res-long-land-hdpi/default.png
[DEBUG] copying /Users/seonte/InvasionGit/git@git.assembla.com:im443_53_63_cis_453/Resources/android/images/res-long-land-hdpi/default.png splash screen to /Users/seonte/InvasionGit/git@git.assembla.com:im443_53_63_cis_453/build/android/res/drawable-long-land-hdpi/background.png
[DEBUG] found drawable-long-land-ldpi splash screen at /Users/seonte/InvasionGit/git@git.assembla.com:im443_53_63_cis_453/Resources/android/images/res-long-land-ldpi/default.png
[DEBUG] copying /Users/seonte/InvasionGit/git@git.assembla.com:im443_53_63_cis_453/Resources/android/images/res-long-land-ldpi/default.png splash screen to /Users/seonte/InvasionGit/git@git.assembla.com:im443_53_63_cis_453/build/android/res/drawable-long-land-ldpi/background.png
[DEBUG] found drawable-long-port-hdpi splash screen at /Users/seonte/InvasionGit/git@git.assembla.com:im443_53_63_cis_453/Resources/android/images/res-long-port-hdpi/default.png
[DEBUG] copying /Users/seonte/InvasionGit/git@git.assembla.com:im443_53_63_cis_453/Resources/android/images/res-long-port-hdpi/default.png splash screen to /Users/seonte/InvasionGit/git@git.assembla.com:im443_53_63_cis_453/build/android/res/drawable-long-port-hdpi/background.png
[DEBUG] found drawable-long-port-ldpi splash screen at /Users/seonte/InvasionGit/git@git.assembla.com:im443_53_63_cis_453/Resources/android/images/res-long-port-ldpi/default.png
[DEBUG] copying /Users/seonte/InvasionGit/git@git.assembla.com:im443_53_63_cis_453/Resources/android/images/res-long-port-ldpi/default.png splash screen to /Users/seonte/InvasionGit/git@git.assembla.com:im443_53_63_cis_453/build/android/res/drawable-long-port-ldpi/background.png
[DEBUG] found drawable-notlong-land-hdpi splash screen at /Users/seonte/InvasionGit/git@git.assembla.com:im443_53_63_cis_453/Resources/android/images/res-notlong-land-hdpi/default.png
[DEBUG] copying /Users/seonte/InvasionGit/git@git.assembla.com:im443_53_63_cis_453/Resources/android/images/res-notlong-land-hdpi/default.png splash screen to /Users/seonte/InvasionGit/git@git.assembla.com:im443_53_63_cis_453/build/android/res/drawable-notlong-land-hdpi/background.png
[DEBUG] found drawable-notlong-land-ldpi splash screen at /Users/seonte/InvasionGit/git@git.assembla.com:im443_53_63_cis_453/Resources/android/images/res-notlong-land-ldpi/default.png
[DEBUG] copying /Users/seonte/InvasionGit/git@git.assembla.com:im443_53_63_cis_453/Resources/android/images/res-notlong-land-ldpi/default.png splash screen to /Users/seonte/InvasionGit/git@git.assembla.com:im443_53_63_cis_453/build/android/res/drawable-notlong-land-ldpi/background.png
[DEBUG] found drawable-notlong-land-mdpi splash screen at /Users/seonte/InvasionGit/git@git.assembla.com:im443_53_63_cis_453/Resources/android/images/res-notlong-land-mdpi/default.png
[DEBUG] copying /Users/seonte/InvasionGit/git@git.assembla.com:im443_53_63_cis_453/Resources/android/images/res-notlong-land-mdpi/default.png splash screen to /Users/seonte/InvasionGit/git@git.assembla.com:im443_53_63_cis_453/build/android/res/drawable-notlong-land-mdpi/background.png
[DEBUG] found drawable-notlong-port-hdpi splash screen at /Users/seonte/InvasionGit/git@git.assembla.com:im443_53_63_cis_453/Resources/android/images/res-notlong-port-hdpi/default.png
[DEBUG] copying /Users/seonte/InvasionGit/git@git.assembla.com:im443_53_63_cis_453/Resources/android/images/res-notlong-port-hdpi/default.png splash screen to /Users/seonte/InvasionGit/git@git.assembla.com:im443_53_63_cis_453/build/android/res/drawable-notlong-port-hdpi/background.png
[DEBUG] found drawable-notlong-port-ldpi splash screen at /Users/seonte/InvasionGit/git@git.assembla.com:im443_53_63_cis_453/Resources/android/images/res-notlong-port-ldpi/default.png
[DEBUG] copying /Users/seonte/InvasionGit/git@git.assembla.com:im443_53_63_cis_453/Resources/android/images/res-notlong-port-ldpi/default.png splash screen to /Users/seonte/InvasionGit/git@git.assembla.com:im443_53_63_cis_453/build/android/res/drawable-notlong-port-ldpi/background.png
[DEBUG] found drawable-notlong-port-mdpi splash screen at /Users/seonte/InvasionGit/git@git.assembla.com:im443_53_63_cis_453/Resources/android/images/res-notlong-port-mdpi/default.png
[DEBUG] copying /Users/seonte/InvasionGit/git@git.assembla.com:im443_53_63_cis_453/Resources/android/images/res-notlong-port-mdpi/default.png splash screen to /Users/seonte/InvasionGit/git@git.assembla.com:im443_53_63_cis_453/build/android/res/drawable-notlong-port-mdpi/background.png
[DEBUG] found splash screen at /Users/seonte/InvasionGit/git@git.assembla.com:im443_53_63_cis_453/build/android/bin/assets/Resources/default.png
[TRACE] Writing out AndroidManifest.xml
[DEBUG] adding /Users/seonte/InvasionGit/git@git.assembla.com:im443_53_63_cis_453/build/android/gen/edu/bradley/im/invasion/InvasionActivity.java to javac build list
[DEBUG] adding /Users/seonte/InvasionGit/git@git.assembla.com:im443_53_63_cis_453/build/android/gen/edu/bradley/im/invasion/InvasionAppInfo.java to javac build list
[DEBUG] adding /Users/seonte/InvasionGit/git@git.assembla.com:im443_53_63_cis_453/build/android/gen/edu/bradley/im/invasion/InvasionApplication.java to javac build list
[DEBUG] adding /Users/seonte/InvasionGit/git@git.assembla.com:im443_53_63_cis_453/build/android/gen/edu/bradley/im/invasion/R.java to javac build list
[DEBUG] Building Java Sources: "/Users/seonte/InvasionGit/git@git.assembla.com:im443_53_63_cis_453/build/android/gen/edu/bradley/im/invasion/InvasionActivity.java" "/Users/seonte/InvasionGit/git@git.assembla.com:im443_53_63_cis_453/build/android/gen/edu/bradley/im/invasion/InvasionAppInfo.java" "/Users/seonte/InvasionGit/git@git.assembla.com:im443_53_63_cis_453/build/android/gen/edu/bradley/im/invasion/InvasionApplication.java" "/Users/seonte/InvasionGit/git@git.assembla.com:im443_53_63_cis_453/build/android/gen/edu/bradley/im/invasion/R.java"
[ERROR] Error(s) compiling generated Java code
[ERROR] /Users/seonte/InvasionGit/git@git.assembla.com:im443_53_63_cis_453/build/android/gen/edu/bradley/im/invasion/InvasionApplication.java:31: cannot find symbol
symbol  : class ApplicationStylesheet
location: class edu.bradley.im.invasion.InvasionApplication
		stylesheet = new ApplicationStylesheet();
		                 ^
1 error

[INFO] Android Emulator has exited
